-------------------------------------------------------------------------------
Test set: com.example.RestaurantControllerTest
-------------------------------------------------------------------------------
Tests run: 1, Failures: 0, Errors: 1, Skipped: 0, Time elapsed: 0.184 s <<< FAILURE! -- in com.example.RestaurantControllerTest
com.example.RestaurantControllerTest.testGetAllRestaurants -- Time elapsed: 0.008 s <<< ERROR!
java.lang.Error: 
Unresolved compilation problems: 
	The declared package "com.example.mealbooking.controller" does not match the expected package "com.example"
	The method save(S) in the type CrudRepository<Restaurant,Long> is not applicable for the arguments (Restaurant)
	The constructor Restaurant(String, String) is undefined
	The method save(S) in the type CrudRepository<Restaurant,Long> is not applicable for the arguments (Restaurant)
	The constructor Restaurant(String, String) is undefined

	at com.example.RestaurantControllerTest.<init>(RestaurantControllerTest.java:1)
	at java.base/java.lang.reflect.Constructor.newInstanceWithCaller(Constructor.java:500)
	at java.base/java.lang.reflect.Constructor.newInstance(Constructor.java:481)
	at java.base/java.util.Optional.orElseGet(Optional.java:364)
	at java.base/java.util.ArrayList.forEach(ArrayList.java:1511)
	at java.base/java.util.ArrayList.forEach(ArrayList.java:1511)

